  Add.cpp
  begining.cpp
  draw.cpp
C:\Users\Dimentr\source\repos\DimaTask38\Task3\Task3\draw.cpp(56,54): warning C4244: '=': conversion from 'float' to 'int', possible loss of data
C:\Users\Dimentr\source\repos\DimaTask38\Task3\Task3\draw.cpp(103,41): warning C4244: 'argument': conversion from 'int' to 'float', possible loss of data
C:\Users\Dimentr\source\repos\DimaTask38\Task3\Task3\draw.cpp(123,85): warning C4244: 'argument': conversion from 'int' to 'float', possible loss of data
C:\Users\Dimentr\source\repos\DimaTask38\Task3\Task3\draw.cpp(125,41): warning C4244: '+=': conversion from 'float' to 'int', possible loss of data
C:\Users\Dimentr\source\repos\DimaTask38\Task3\Task3\draw.cpp(131,34): warning C4244: 'argument': conversion from 'int' to 'float', possible loss of data
  Equal.cpp
C:\Users\Dimentr\source\repos\DimaTask38\Task3\Task3\Equal.cpp(6,21): warning C4018: '<': signed/unsigned mismatch
  Find.cpp
  Helper.cpp
  Kill.cpp
  Loof_at_all.cpp
  Look_at_all_lifes.cpp
  main.cpp
  menu.cpp
  PieChart.cpp
  Richest.cpp
  Generating Code...
sfml-window-s-d.lib(Context.cpp.obj) : warning LNK4099: PDB 'sfml-window-s-d.pdb' was not found with 'sfml-window-s-d.lib(Context.cpp.obj)' or at 'C:\Users\Dimentr\source\repos\DimaTask38\Task3\Debug\sfml-window-s-d.pdb'; linking object as if no debug info
sfml-window-s-d.lib(Cursor.cpp.obj) : warning LNK4099: PDB 'sfml-window-s-d.pdb' was not found with 'sfml-window-s-d.lib(Cursor.cpp.obj)' or at 'C:\Users\Dimentr\source\repos\DimaTask38\Task3\Debug\sfml-window-s-d.pdb'; linking object as if no debug info
sfml-window-s-d.lib(GlContext.cpp.obj) : warning LNK4099: PDB 'sfml-window-s-d.pdb' was not found with 'sfml-window-s-d.lib(GlContext.cpp.obj)' or at 'C:\Users\Dimentr\source\repos\DimaTask38\Task3\Debug\sfml-window-s-d.pdb'; linking object as if no debug info
sfml-window-s-d.lib(GlResource.cpp.obj) : warning LNK4099: PDB 'sfml-window-s-d.pdb' was not found with 'sfml-window-s-d.lib(GlResource.cpp.obj)' or at 'C:\Users\Dimentr\source\repos\DimaTask38\Task3\Debug\sfml-window-s-d.pdb'; linking object as if no debug info
sfml-window-s-d.lib(Joystick.cpp.obj) : warning LNK4099: PDB 'sfml-window-s-d.pdb' was not found with 'sfml-window-s-d.lib(Joystick.cpp.obj)' or at 'C:\Users\Dimentr\source\repos\DimaTask38\Task3\Debug\sfml-window-s-d.pdb'; linking object as if no debug info
sfml-window-s-d.lib(JoystickManager.cpp.obj) : warning LNK4099: PDB 'sfml-window-s-d.pdb' was not found with 'sfml-window-s-d.lib(JoystickManager.cpp.obj)' or at 'C:\Users\Dimentr\source\repos\DimaTask38\Task3\Debug\sfml-window-s-d.pdb'; linking object as if no debug info
sfml-window-s-d.lib(SensorManager.cpp.obj) : warning LNK4099: PDB 'sfml-window-s-d.pdb' was not found with 'sfml-window-s-d.lib(SensorManager.cpp.obj)' or at 'C:\Users\Dimentr\source\repos\DimaTask38\Task3\Debug\sfml-window-s-d.pdb'; linking object as if no debug info
sfml-window-s-d.lib(VideoMode.cpp.obj) : warning LNK4099: PDB 'sfml-window-s-d.pdb' was not found with 'sfml-window-s-d.lib(VideoMode.cpp.obj)' or at 'C:\Users\Dimentr\source\repos\DimaTask38\Task3\Debug\sfml-window-s-d.pdb'; linking object as if no debug info
sfml-window-s-d.lib(Window.cpp.obj) : warning LNK4099: PDB 'sfml-window-s-d.pdb' was not found with 'sfml-window-s-d.lib(Window.cpp.obj)' or at 'C:\Users\Dimentr\source\repos\DimaTask38\Task3\Debug\sfml-window-s-d.pdb'; linking object as if no debug info
sfml-window-s-d.lib(WindowImpl.cpp.obj) : warning LNK4099: PDB 'sfml-window-s-d.pdb' was not found with 'sfml-window-s-d.lib(WindowImpl.cpp.obj)' or at 'C:\Users\Dimentr\source\repos\DimaTask38\Task3\Debug\sfml-window-s-d.pdb'; linking object as if no debug info
sfml-window-s-d.lib(CursorImpl.cpp.obj) : warning LNK4099: PDB 'sfml-window-s-d.pdb' was not found with 'sfml-window-s-d.lib(CursorImpl.cpp.obj)' or at 'C:\Users\Dimentr\source\repos\DimaTask38\Task3\Debug\sfml-window-s-d.pdb'; linking object as if no debug info
sfml-window-s-d.lib(WglContext.cpp.obj) : warning LNK4099: PDB 'sfml-window-s-d.pdb' was not found with 'sfml-window-s-d.lib(WglContext.cpp.obj)' or at 'C:\Users\Dimentr\source\repos\DimaTask38\Task3\Debug\sfml-window-s-d.pdb'; linking object as if no debug info
sfml-window-s-d.lib(WglExtensions.cpp.obj) : warning LNK4099: PDB 'sfml-window-s-d.pdb' was not found with 'sfml-window-s-d.lib(WglExtensions.cpp.obj)' or at 'C:\Users\Dimentr\source\repos\DimaTask38\Task3\Debug\sfml-window-s-d.pdb'; linking object as if no debug info
sfml-window-s-d.lib(JoystickImpl.cpp.obj) : warning LNK4099: PDB 'sfml-window-s-d.pdb' was not found with 'sfml-window-s-d.lib(JoystickImpl.cpp.obj)' or at 'C:\Users\Dimentr\source\repos\DimaTask38\Task3\Debug\sfml-window-s-d.pdb'; linking object as if no debug info
sfml-window-s-d.lib(SensorImpl.cpp.obj) : warning LNK4099: PDB 'sfml-window-s-d.pdb' was not found with 'sfml-window-s-d.lib(SensorImpl.cpp.obj)' or at 'C:\Users\Dimentr\source\repos\DimaTask38\Task3\Debug\sfml-window-s-d.pdb'; linking object as if no debug info
sfml-window-s-d.lib(VideoModeImpl.cpp.obj) : warning LNK4099: PDB 'sfml-window-s-d.pdb' was not found with 'sfml-window-s-d.lib(VideoModeImpl.cpp.obj)' or at 'C:\Users\Dimentr\source\repos\DimaTask38\Task3\Debug\sfml-window-s-d.pdb'; linking object as if no debug info
sfml-window-s-d.lib(WindowImplWin32.cpp.obj) : warning LNK4099: PDB 'sfml-window-s-d.pdb' was not found with 'sfml-window-s-d.lib(WindowImplWin32.cpp.obj)' or at 'C:\Users\Dimentr\source\repos\DimaTask38\Task3\Debug\sfml-window-s-d.pdb'; linking object as if no debug info
sfml-graphics-s-d.lib(BlendMode.cpp.obj) : warning LNK4099: PDB 'sfml-graphics-s-d.pdb' was not found with 'sfml-graphics-s-d.lib(BlendMode.cpp.obj)' or at 'C:\Users\Dimentr\source\repos\DimaTask38\Task3\Debug\sfml-graphics-s-d.pdb'; linking object as if no debug info
sfml-graphics-s-d.lib(Color.cpp.obj) : warning LNK4099: PDB 'sfml-graphics-s-d.pdb' was not found with 'sfml-graphics-s-d.lib(Color.cpp.obj)' or at 'C:\Users\Dimentr\source\repos\DimaTask38\Task3\Debug\sfml-graphics-s-d.pdb'; linking object as if no debug info
sfml-graphics-s-d.lib(Font.cpp.obj) : warning LNK4099: PDB 'sfml-graphics-s-d.pdb' was not found with 'sfml-graphics-s-d.lib(Font.cpp.obj)' or at 'C:\Users\Dimentr\source\repos\DimaTask38\Task3\Debug\sfml-graphics-s-d.pdb'; linking object as if no debug info
sfml-graphics-s-d.lib(Glsl.cpp.obj) : warning LNK4099: PDB 'sfml-graphics-s-d.pdb' was not found with 'sfml-graphics-s-d.lib(Glsl.cpp.obj)' or at 'C:\Users\Dimentr\source\repos\DimaTask38\Task3\Debug\sfml-graphics-s-d.pdb'; linking object as if no debug info
sfml-graphics-s-d.lib(GLCheck.cpp.obj) : warning LNK4099: PDB 'sfml-graphics-s-d.pdb' was not found with 'sfml-graphics-s-d.lib(GLCheck.cpp.obj)' or at 'C:\Users\Dimentr\source\repos\DimaTask38\Task3\Debug\sfml-graphics-s-d.pdb'; linking object as if no debug info
sfml-graphics-s-d.lib(GLExtensions.cpp.obj) : warning LNK4099: PDB 'sfml-graphics-s-d.pdb' was not found with 'sfml-graphics-s-d.lib(GLExtensions.cpp.obj)' or at 'C:\Users\Dimentr\source\repos\DimaTask38\Task3\Debug\sfml-graphics-s-d.pdb'; linking object as if no debug info
sfml-graphics-s-d.lib(Image.cpp.obj) : warning LNK4099: PDB 'sfml-graphics-s-d.pdb' was not found with 'sfml-graphics-s-d.lib(Image.cpp.obj)' or at 'C:\Users\Dimentr\source\repos\DimaTask38\Task3\Debug\sfml-graphics-s-d.pdb'; linking object as if no debug info
sfml-graphics-s-d.lib(ImageLoader.cpp.obj) : warning LNK4099: PDB 'sfml-graphics-s-d.pdb' was not found with 'sfml-graphics-s-d.lib(ImageLoader.cpp.obj)' or at 'C:\Users\Dimentr\source\repos\DimaTask38\Task3\Debug\sfml-graphics-s-d.pdb'; linking object as if no debug info
sfml-graphics-s-d.lib(RenderStates.cpp.obj) : warning LNK4099: PDB 'sfml-graphics-s-d.pdb' was not found with 'sfml-graphics-s-d.lib(RenderStates.cpp.obj)' or at 'C:\Users\Dimentr\source\repos\DimaTask38\Task3\Debug\sfml-graphics-s-d.pdb'; linking object as if no debug info
sfml-graphics-s-d.lib(RenderTarget.cpp.obj) : warning LNK4099: PDB 'sfml-graphics-s-d.pdb' was not found with 'sfml-graphics-s-d.lib(RenderTarget.cpp.obj)' or at 'C:\Users\Dimentr\source\repos\DimaTask38\Task3\Debug\sfml-graphics-s-d.pdb'; linking object as if no debug info
sfml-graphics-s-d.lib(RenderWindow.cpp.obj) : warning LNK4099: PDB 'sfml-graphics-s-d.pdb' was not found with 'sfml-graphics-s-d.lib(RenderWindow.cpp.obj)' or at 'C:\Users\Dimentr\source\repos\DimaTask38\Task3\Debug\sfml-graphics-s-d.pdb'; linking object as if no debug info
sfml-graphics-s-d.lib(Shader.cpp.obj) : warning LNK4099: PDB 'sfml-graphics-s-d.pdb' was not found with 'sfml-graphics-s-d.lib(Shader.cpp.obj)' or at 'C:\Users\Dimentr\source\repos\DimaTask38\Task3\Debug\sfml-graphics-s-d.pdb'; linking object as if no debug info
sfml-graphics-s-d.lib(Texture.cpp.obj) : warning LNK4099: PDB 'sfml-graphics-s-d.pdb' was not found with 'sfml-graphics-s-d.lib(Texture.cpp.obj)' or at 'C:\Users\Dimentr\source\repos\DimaTask38\Task3\Debug\sfml-graphics-s-d.pdb'; linking object as if no debug info
sfml-graphics-s-d.lib(TextureSaver.cpp.obj) : warning LNK4099: PDB 'sfml-graphics-s-d.pdb' was not found with 'sfml-graphics-s-d.lib(TextureSaver.cpp.obj)' or at 'C:\Users\Dimentr\source\repos\DimaTask38\Task3\Debug\sfml-graphics-s-d.pdb'; linking object as if no debug info
sfml-graphics-s-d.lib(Transform.cpp.obj) : warning LNK4099: PDB 'sfml-graphics-s-d.pdb' was not found with 'sfml-graphics-s-d.lib(Transform.cpp.obj)' or at 'C:\Users\Dimentr\source\repos\DimaTask38\Task3\Debug\sfml-graphics-s-d.pdb'; linking object as if no debug info
sfml-graphics-s-d.lib(Transformable.cpp.obj) : warning LNK4099: PDB 'sfml-graphics-s-d.pdb' was not found with 'sfml-graphics-s-d.lib(Transformable.cpp.obj)' or at 'C:\Users\Dimentr\source\repos\DimaTask38\Task3\Debug\sfml-graphics-s-d.pdb'; linking object as if no debug info
sfml-graphics-s-d.lib(View.cpp.obj) : warning LNK4099: PDB 'sfml-graphics-s-d.pdb' was not found with 'sfml-graphics-s-d.lib(View.cpp.obj)' or at 'C:\Users\Dimentr\source\repos\DimaTask38\Task3\Debug\sfml-graphics-s-d.pdb'; linking object as if no debug info
sfml-graphics-s-d.lib(Vertex.cpp.obj) : warning LNK4099: PDB 'sfml-graphics-s-d.pdb' was not found with 'sfml-graphics-s-d.lib(Vertex.cpp.obj)' or at 'C:\Users\Dimentr\source\repos\DimaTask38\Task3\Debug\sfml-graphics-s-d.pdb'; linking object as if no debug info
sfml-graphics-s-d.lib(GLLoader.cpp.obj) : warning LNK4099: PDB 'sfml-graphics-s-d.pdb' was not found with 'sfml-graphics-s-d.lib(GLLoader.cpp.obj)' or at 'C:\Users\Dimentr\source\repos\DimaTask38\Task3\Debug\sfml-graphics-s-d.pdb'; linking object as if no debug info
sfml-graphics-s-d.lib(Shape.cpp.obj) : warning LNK4099: PDB 'sfml-graphics-s-d.pdb' was not found with 'sfml-graphics-s-d.lib(Shape.cpp.obj)' or at 'C:\Users\Dimentr\source\repos\DimaTask38\Task3\Debug\sfml-graphics-s-d.pdb'; linking object as if no debug info
sfml-graphics-s-d.lib(RectangleShape.cpp.obj) : warning LNK4099: PDB 'sfml-graphics-s-d.pdb' was not found with 'sfml-graphics-s-d.lib(RectangleShape.cpp.obj)' or at 'C:\Users\Dimentr\source\repos\DimaTask38\Task3\Debug\sfml-graphics-s-d.pdb'; linking object as if no debug info
sfml-graphics-s-d.lib(ConvexShape.cpp.obj) : warning LNK4099: PDB 'sfml-graphics-s-d.pdb' was not found with 'sfml-graphics-s-d.lib(ConvexShape.cpp.obj)' or at 'C:\Users\Dimentr\source\repos\DimaTask38\Task3\Debug\sfml-graphics-s-d.pdb'; linking object as if no debug info
sfml-graphics-s-d.lib(Text.cpp.obj) : warning LNK4099: PDB 'sfml-graphics-s-d.pdb' was not found with 'sfml-graphics-s-d.lib(Text.cpp.obj)' or at 'C:\Users\Dimentr\source\repos\DimaTask38\Task3\Debug\sfml-graphics-s-d.pdb'; linking object as if no debug info
sfml-graphics-s-d.lib(VertexArray.cpp.obj) : warning LNK4099: PDB 'sfml-graphics-s-d.pdb' was not found with 'sfml-graphics-s-d.lib(VertexArray.cpp.obj)' or at 'C:\Users\Dimentr\source\repos\DimaTask38\Task3\Debug\sfml-graphics-s-d.pdb'; linking object as if no debug info
sfml-graphics-s-d.lib(VertexBuffer.cpp.obj) : warning LNK4099: PDB 'sfml-graphics-s-d.pdb' was not found with 'sfml-graphics-s-d.lib(VertexBuffer.cpp.obj)' or at 'C:\Users\Dimentr\source\repos\DimaTask38\Task3\Debug\sfml-graphics-s-d.pdb'; linking object as if no debug info
sfml-graphics-s-d.lib(RenderTextureImpl.cpp.obj) : warning LNK4099: PDB 'sfml-graphics-s-d.pdb' was not found with 'sfml-graphics-s-d.lib(RenderTextureImpl.cpp.obj)' or at 'C:\Users\Dimentr\source\repos\DimaTask38\Task3\Debug\sfml-graphics-s-d.pdb'; linking object as if no debug info
sfml-graphics-s-d.lib(RenderTextureImplFBO.cpp.obj) : warning LNK4099: PDB 'sfml-graphics-s-d.pdb' was not found with 'sfml-graphics-s-d.lib(RenderTextureImplFBO.cpp.obj)' or at 'C:\Users\Dimentr\source\repos\DimaTask38\Task3\Debug\sfml-graphics-s-d.pdb'; linking object as if no debug info
sfml-system-s-d.lib(Clock.cpp.obj) : warning LNK4099: PDB 'sfml-system-s-d.pdb' was not found with 'sfml-system-s-d.lib(Clock.cpp.obj)' or at 'C:\Users\Dimentr\source\repos\DimaTask38\Task3\Debug\sfml-system-s-d.pdb'; linking object as if no debug info
sfml-system-s-d.lib(Err.cpp.obj) : warning LNK4099: PDB 'sfml-system-s-d.pdb' was not found with 'sfml-system-s-d.lib(Err.cpp.obj)' or at 'C:\Users\Dimentr\source\repos\DimaTask38\Task3\Debug\sfml-system-s-d.pdb'; linking object as if no debug info
sfml-system-s-d.lib(Lock.cpp.obj) : warning LNK4099: PDB 'sfml-system-s-d.pdb' was not found with 'sfml-system-s-d.lib(Lock.cpp.obj)' or at 'C:\Users\Dimentr\source\repos\DimaTask38\Task3\Debug\sfml-system-s-d.pdb'; linking object as if no debug info
sfml-system-s-d.lib(Mutex.cpp.obj) : warning LNK4099: PDB 'sfml-system-s-d.pdb' was not found with 'sfml-system-s-d.lib(Mutex.cpp.obj)' or at 'C:\Users\Dimentr\source\repos\DimaTask38\Task3\Debug\sfml-system-s-d.pdb'; linking object as if no debug info
sfml-system-s-d.lib(Sleep.cpp.obj) : warning LNK4099: PDB 'sfml-system-s-d.pdb' was not found with 'sfml-system-s-d.lib(Sleep.cpp.obj)' or at 'C:\Users\Dimentr\source\repos\DimaTask38\Task3\Debug\sfml-system-s-d.pdb'; linking object as if no debug info
sfml-system-s-d.lib(String.cpp.obj) : warning LNK4099: PDB 'sfml-system-s-d.pdb' was not found with 'sfml-system-s-d.lib(String.cpp.obj)' or at 'C:\Users\Dimentr\source\repos\DimaTask38\Task3\Debug\sfml-system-s-d.pdb'; linking object as if no debug info
sfml-system-s-d.lib(ThreadLocal.cpp.obj) : warning LNK4099: PDB 'sfml-system-s-d.pdb' was not found with 'sfml-system-s-d.lib(ThreadLocal.cpp.obj)' or at 'C:\Users\Dimentr\source\repos\DimaTask38\Task3\Debug\sfml-system-s-d.pdb'; linking object as if no debug info
sfml-system-s-d.lib(Time.cpp.obj) : warning LNK4099: PDB 'sfml-system-s-d.pdb' was not found with 'sfml-system-s-d.lib(Time.cpp.obj)' or at 'C:\Users\Dimentr\source\repos\DimaTask38\Task3\Debug\sfml-system-s-d.pdb'; linking object as if no debug info
sfml-system-s-d.lib(ClockImpl.cpp.obj) : warning LNK4099: PDB 'sfml-system-s-d.pdb' was not found with 'sfml-system-s-d.lib(ClockImpl.cpp.obj)' or at 'C:\Users\Dimentr\source\repos\DimaTask38\Task3\Debug\sfml-system-s-d.pdb'; linking object as if no debug info
sfml-system-s-d.lib(MutexImpl.cpp.obj) : warning LNK4099: PDB 'sfml-system-s-d.pdb' was not found with 'sfml-system-s-d.lib(MutexImpl.cpp.obj)' or at 'C:\Users\Dimentr\source\repos\DimaTask38\Task3\Debug\sfml-system-s-d.pdb'; linking object as if no debug info
sfml-system-s-d.lib(SleepImpl.cpp.obj) : warning LNK4099: PDB 'sfml-system-s-d.pdb' was not found with 'sfml-system-s-d.lib(SleepImpl.cpp.obj)' or at 'C:\Users\Dimentr\source\repos\DimaTask38\Task3\Debug\sfml-system-s-d.pdb'; linking object as if no debug info
sfml-system-s-d.lib(ThreadLocalImpl.cpp.obj) : warning LNK4099: PDB 'sfml-system-s-d.pdb' was not found with 'sfml-system-s-d.lib(ThreadLocalImpl.cpp.obj)' or at 'C:\Users\Dimentr\source\repos\DimaTask38\Task3\Debug\sfml-system-s-d.pdb'; linking object as if no debug info
  Task3.vcxproj -> C:\Users\Dimentr\source\repos\DimaTask38\Task3\Debug\Task3.exe
